2025-10-10 18:44:20,912 - httpx - INFO - HTTP Request: GET https://d579ecd5-2fe2-4e6d-8509-77fd94e8cd67.us-east4-0.gcp.cloud.qdrant.io:6333 "HTTP/1.1 200 OK"
2025-10-10 18:44:20,913 - __main__ - INFO - Loading embedding model: all-MiniLM-L6-v2
2025-10-10 18:44:22,679 - sentence_transformers.SentenceTransformer - INFO - Load pretrained SentenceTransformer: all-MiniLM-L6-v2
2025-10-10 18:44:24,088 - __main__ - INFO - Starting PDF to Qdrant loading process
2025-10-10 18:44:24,088 - __main__ - INFO - Test mode: False
2025-10-10 18:44:24,088 - __main__ - INFO - Clear collection: True
2025-10-10 18:44:24,343 - httpx - INFO - HTTP Request: GET https://d579ecd5-2fe2-4e6d-8509-77fd94e8cd67.us-east4-0.gcp.cloud.qdrant.io:6333/collections "HTTP/1.1 200 OK"
2025-10-10 18:44:24,347 - __main__ - WARNING - Deleting existing collection 'tro-child-1'
2025-10-10 18:44:24,465 - httpx - INFO - HTTP Request: DELETE https://d579ecd5-2fe2-4e6d-8509-77fd94e8cd67.us-east4-0.gcp.cloud.qdrant.io:6333/collections/tro-child-1 "HTTP/1.1 200 OK"
2025-10-10 18:44:24,466 - __main__ - INFO - Collection deleted successfully
2025-10-10 18:44:24,466 - __main__ - INFO - Creating fresh collection 'tro-child-1'
2025-10-10 18:44:24,701 - httpx - INFO - HTTP Request: PUT https://d579ecd5-2fe2-4e6d-8509-77fd94e8cd67.us-east4-0.gcp.cloud.qdrant.io:6333/collections/tro-child-1 "HTTP/1.1 200 OK"
2025-10-10 18:44:24,702 - __main__ - INFO - Collection created successfully
2025-10-10 18:44:24,702 - __main__ - INFO - Found 1 PDF files to process
2025-10-10 18:44:24,702 - __main__ - INFO - 
============================================================
2025-10-10 18:44:24,702 - __main__ - INFO - Processing PDF 1/1: texas-early-learning-strategic-plan-2024-2026-final-accessible.pdf
2025-10-10 18:44:24,702 - __main__ - INFO - ============================================================
2025-10-10 18:44:24,702 - __main__ - INFO - Processing PDF: texas-early-learning-strategic-plan-2024-2026-final-accessible.pdf
2025-10-10 18:44:24,812 - __main__ - INFO - Loaded 52 pages from texas-early-learning-strategic-plan-2024-2026-final-accessible.pdf
2025-10-10 18:44:24,814 - __main__ - INFO - Created 90 chunks from texas-early-learning-strategic-plan-2024-2026-final-accessible.pdf
2025-10-10 18:44:24,814 - __main__ - INFO - Generating embeddings for 90 chunks...
2025-10-10 18:44:30,904 - httpx - INFO - HTTP Request: GET https://d579ecd5-2fe2-4e6d-8509-77fd94e8cd67.us-east4-0.gcp.cloud.qdrant.io:6333/collections/tro-child-1 "HTTP/1.1 200 OK"
2025-10-10 18:44:31,535 - httpx - INFO - HTTP Request: PUT https://d579ecd5-2fe2-4e6d-8509-77fd94e8cd67.us-east4-0.gcp.cloud.qdrant.io:6333/collections/tro-child-1/points?wait=true "HTTP/1.1 200 OK"
2025-10-10 18:44:31,536 - __main__ - INFO - Uploaded batch 1 (90 points)
2025-10-10 18:44:31,536 - __main__ - INFO - Successfully uploaded 90 chunks to Qdrant
2025-10-10 18:44:31,536 - __main__ - INFO - Checkpoint saved to /home/tromanow/COHORT/TX/LOAD_DB/checkpoints/checkpoint_20251010_184431.json
2025-10-10 18:44:31,536 - __main__ - INFO - Report saved to /home/tromanow/COHORT/TX/LOAD_DB/reports/load_report_20251010_184431.txt
2025-10-10 18:44:31,536 - __main__ - INFO - 
PDF loading complete!
