2025-10-10 18:15:39,334 - httpx - INFO - HTTP Request: GET https://d579ecd5-2fe2-4e6d-8509-77fd94e8cd67.us-east4-0.gcp.cloud.qdrant.io:6333 "HTTP/1.1 200 OK"
2025-10-10 18:15:39,336 - __main__ - INFO - Loading embedding model: all-MiniLM-L6-v2
2025-10-10 18:15:44,144 - sentence_transformers.SentenceTransformer - INFO - Load pretrained SentenceTransformer: all-MiniLM-L6-v2
2025-10-10 18:15:45,900 - __main__ - INFO - Starting PDF to Qdrant loading process
2025-10-10 18:15:45,900 - __main__ - INFO - Test mode: True
2025-10-10 18:15:46,135 - httpx - INFO - HTTP Request: GET https://d579ecd5-2fe2-4e6d-8509-77fd94e8cd67.us-east4-0.gcp.cloud.qdrant.io:6333/collections "HTTP/1.1 200 OK"
2025-10-10 18:15:46,136 - __main__ - INFO - Creating collection 'tro-child-1'
2025-10-10 18:15:46,374 - httpx - INFO - HTTP Request: PUT https://d579ecd5-2fe2-4e6d-8509-77fd94e8cd67.us-east4-0.gcp.cloud.qdrant.io:6333/collections/tro-child-1 "HTTP/1.1 200 OK"
2025-10-10 18:15:46,375 - __main__ - INFO - Collection created successfully
2025-10-10 18:15:46,375 - __main__ - INFO - Found 3 PDF files to process
2025-10-10 18:15:46,375 - __main__ - INFO - 
============================================================
2025-10-10 18:15:46,375 - __main__ - INFO - Processing PDF 1/3: texas-early-learning-strategic-plan-2024-2026-final-accessible.pdf
2025-10-10 18:15:46,375 - __main__ - INFO - ============================================================
2025-10-10 18:15:46,375 - __main__ - INFO - Processing PDF: texas-early-learning-strategic-plan-2024-2026-final-accessible.pdf
2025-10-10 18:15:46,447 - __main__ - INFO - Extracted 52 pages from texas-early-learning-strategic-plan-2024-2026-final-accessible.pdf
2025-10-10 18:15:46,449 - __main__ - INFO - Created 90 chunks from texas-early-learning-strategic-plan-2024-2026-final-accessible.pdf
2025-10-10 18:15:46,449 - __main__ - INFO - Generating embeddings for 90 chunks...
2025-10-10 18:15:51,290 - httpx - INFO - HTTP Request: GET https://d579ecd5-2fe2-4e6d-8509-77fd94e8cd67.us-east4-0.gcp.cloud.qdrant.io:6333/collections/tro-child-1 "HTTP/1.1 200 OK"
2025-10-10 18:15:51,899 - httpx - INFO - HTTP Request: PUT https://d579ecd5-2fe2-4e6d-8509-77fd94e8cd67.us-east4-0.gcp.cloud.qdrant.io:6333/collections/tro-child-1/points?wait=true "HTTP/1.1 200 OK"
2025-10-10 18:15:51,900 - __main__ - INFO - Uploaded batch 1 (90 points)
2025-10-10 18:15:51,900 - __main__ - INFO - Successfully uploaded 90 chunks to Qdrant
2025-10-10 18:15:51,900 - __main__ - INFO - 
============================================================
2025-10-10 18:15:51,900 - __main__ - INFO - Processing PDF 2/3: early-childhood-system-needs-assessment-in-texas-final-accessible.pdf
2025-10-10 18:15:51,900 - __main__ - INFO - ============================================================
2025-10-10 18:15:51,900 - __main__ - INFO - Processing PDF: early-childhood-system-needs-assessment-in-texas-final-accessible.pdf
2025-10-10 18:15:52,225 - __main__ - INFO - Extracted 141 pages from early-childhood-system-needs-assessment-in-texas-final-accessible.pdf
2025-10-10 18:15:52,231 - __main__ - INFO - Created 326 chunks from early-childhood-system-needs-assessment-in-texas-final-accessible.pdf
2025-10-10 18:15:52,231 - __main__ - INFO - Generating embeddings for 326 chunks...
2025-10-10 18:16:10,871 - httpx - INFO - HTTP Request: GET https://d579ecd5-2fe2-4e6d-8509-77fd94e8cd67.us-east4-0.gcp.cloud.qdrant.io:6333/collections/tro-child-1 "HTTP/1.1 200 OK"
2025-10-10 18:16:11,499 - httpx - INFO - HTTP Request: PUT https://d579ecd5-2fe2-4e6d-8509-77fd94e8cd67.us-east4-0.gcp.cloud.qdrant.io:6333/collections/tro-child-1/points?wait=true "HTTP/1.1 200 OK"
2025-10-10 18:16:11,500 - __main__ - INFO - Uploaded batch 1 (100 points)
2025-10-10 18:16:11,964 - httpx - INFO - HTTP Request: PUT https://d579ecd5-2fe2-4e6d-8509-77fd94e8cd67.us-east4-0.gcp.cloud.qdrant.io:6333/collections/tro-child-1/points?wait=true "HTTP/1.1 200 OK"
2025-10-10 18:16:11,965 - __main__ - INFO - Uploaded batch 2 (100 points)
2025-10-10 18:16:12,391 - httpx - INFO - HTTP Request: PUT https://d579ecd5-2fe2-4e6d-8509-77fd94e8cd67.us-east4-0.gcp.cloud.qdrant.io:6333/collections/tro-child-1/points?wait=true "HTTP/1.1 200 OK"
2025-10-10 18:16:12,391 - __main__ - INFO - Uploaded batch 3 (100 points)
2025-10-10 18:16:12,543 - httpx - INFO - HTTP Request: PUT https://d579ecd5-2fe2-4e6d-8509-77fd94e8cd67.us-east4-0.gcp.cloud.qdrant.io:6333/collections/tro-child-1/points?wait=true "HTTP/1.1 200 OK"
2025-10-10 18:16:12,544 - __main__ - INFO - Uploaded batch 4 (26 points)
2025-10-10 18:16:12,545 - __main__ - INFO - Successfully uploaded 326 chunks to Qdrant
2025-10-10 18:16:12,546 - __main__ - INFO - 
============================================================
2025-10-10 18:16:12,546 - __main__ - INFO - Processing PDF 3/3: child-care-stakeholder-input-policy-twc.pdf
2025-10-10 18:16:12,546 - __main__ - INFO - ============================================================
2025-10-10 18:16:12,546 - __main__ - INFO - Processing PDF: child-care-stakeholder-input-policy-twc.pdf
2025-10-10 18:16:12,558 - __main__ - INFO - Extracted 5 pages from child-care-stakeholder-input-policy-twc.pdf
2025-10-10 18:16:12,559 - __main__ - INFO - Created 12 chunks from child-care-stakeholder-input-policy-twc.pdf
2025-10-10 18:16:12,559 - __main__ - INFO - Generating embeddings for 12 chunks...
2025-10-10 18:16:13,191 - httpx - INFO - HTTP Request: GET https://d579ecd5-2fe2-4e6d-8509-77fd94e8cd67.us-east4-0.gcp.cloud.qdrant.io:6333/collections/tro-child-1 "HTTP/1.1 200 OK"
2025-10-10 18:16:13,395 - httpx - INFO - HTTP Request: PUT https://d579ecd5-2fe2-4e6d-8509-77fd94e8cd67.us-east4-0.gcp.cloud.qdrant.io:6333/collections/tro-child-1/points?wait=true "HTTP/1.1 200 OK"
2025-10-10 18:16:13,396 - __main__ - INFO - Uploaded batch 1 (12 points)
2025-10-10 18:16:13,396 - __main__ - INFO - Successfully uploaded 12 chunks to Qdrant
2025-10-10 18:16:13,396 - __main__ - INFO - Checkpoint saved to /home/tromanow/COHORT/TX/LOAD_DB/checkpoints/checkpoint_20251010_181613.json
2025-10-10 18:16:13,396 - __main__ - INFO - Report saved to /home/tromanow/COHORT/TX/LOAD_DB/reports/load_report_20251010_181613.txt
2025-10-10 18:16:13,396 - __main__ - INFO - 
PDF loading complete!
