2025-10-10 18:20:12,564 - httpx - INFO - HTTP Request: GET https://d579ecd5-2fe2-4e6d-8509-77fd94e8cd67.us-east4-0.gcp.cloud.qdrant.io:6333 "HTTP/1.1 200 OK"
2025-10-10 18:20:12,564 - __main__ - INFO - Loading embedding model: all-MiniLM-L6-v2
2025-10-10 18:20:15,810 - sentence_transformers.SentenceTransformer - INFO - Load pretrained SentenceTransformer: all-MiniLM-L6-v2
2025-10-10 18:20:17,218 - __main__ - INFO - Starting PDF to Qdrant loading process
2025-10-10 18:20:17,218 - __main__ - INFO - Test mode: False
2025-10-10 18:20:17,491 - httpx - INFO - HTTP Request: GET https://d579ecd5-2fe2-4e6d-8509-77fd94e8cd67.us-east4-0.gcp.cloud.qdrant.io:6333/collections "HTTP/1.1 200 OK"
2025-10-10 18:20:17,492 - __main__ - INFO - Collection 'tro-child-1' already exists
2025-10-10 18:20:17,604 - httpx - INFO - HTTP Request: GET https://d579ecd5-2fe2-4e6d-8509-77fd94e8cd67.us-east4-0.gcp.cloud.qdrant.io:6333/collections/tro-child-1 "HTTP/1.1 200 OK"
2025-10-10 18:20:17,605 - __main__ - INFO - Current vectors count: 428
2025-10-10 18:20:17,606 - __main__ - INFO - Found 42 PDF files to process
2025-10-10 18:20:17,606 - __main__ - INFO - 
============================================================
2025-10-10 18:20:17,606 - __main__ - INFO - Processing PDF 1/42: texas-early-learning-strategic-plan-2024-2026-final-accessible.pdf
2025-10-10 18:20:17,606 - __main__ - INFO - ============================================================
2025-10-10 18:20:17,606 - __main__ - INFO - Processing PDF: texas-early-learning-strategic-plan-2024-2026-final-accessible.pdf
2025-10-10 18:20:17,667 - __main__ - INFO - Extracted 52 pages from texas-early-learning-strategic-plan-2024-2026-final-accessible.pdf
2025-10-10 18:20:17,669 - __main__ - INFO - Created 90 chunks from texas-early-learning-strategic-plan-2024-2026-final-accessible.pdf
2025-10-10 18:20:17,669 - __main__ - INFO - Generating embeddings for 90 chunks...
2025-10-10 18:20:22,093 - httpx - INFO - HTTP Request: GET https://d579ecd5-2fe2-4e6d-8509-77fd94e8cd67.us-east4-0.gcp.cloud.qdrant.io:6333/collections/tro-child-1 "HTTP/1.1 200 OK"
2025-10-10 18:20:22,900 - httpx - INFO - HTTP Request: PUT https://d579ecd5-2fe2-4e6d-8509-77fd94e8cd67.us-east4-0.gcp.cloud.qdrant.io:6333/collections/tro-child-1/points?wait=true "HTTP/1.1 200 OK"
2025-10-10 18:20:22,901 - __main__ - INFO - Uploaded batch 1 (90 points)
2025-10-10 18:20:22,901 - __main__ - INFO - Successfully uploaded 90 chunks to Qdrant
2025-10-10 18:20:22,901 - __main__ - INFO - 
============================================================
2025-10-10 18:20:22,901 - __main__ - INFO - Processing PDF 2/42: early-childhood-system-needs-assessment-in-texas-final-accessible.pdf
2025-10-10 18:20:22,901 - __main__ - INFO - ============================================================
2025-10-10 18:20:22,901 - __main__ - INFO - Processing PDF: early-childhood-system-needs-assessment-in-texas-final-accessible.pdf
2025-10-10 18:20:23,149 - __main__ - INFO - Extracted 141 pages from early-childhood-system-needs-assessment-in-texas-final-accessible.pdf
2025-10-10 18:20:23,158 - __main__ - INFO - Created 326 chunks from early-childhood-system-needs-assessment-in-texas-final-accessible.pdf
2025-10-10 18:20:23,158 - __main__ - INFO - Generating embeddings for 326 chunks...
2025-10-10 18:20:40,585 - httpx - INFO - HTTP Request: GET https://d579ecd5-2fe2-4e6d-8509-77fd94e8cd67.us-east4-0.gcp.cloud.qdrant.io:6333/collections/tro-child-1 "HTTP/1.1 200 OK"
2025-10-10 18:20:41,206 - httpx - INFO - HTTP Request: PUT https://d579ecd5-2fe2-4e6d-8509-77fd94e8cd67.us-east4-0.gcp.cloud.qdrant.io:6333/collections/tro-child-1/points?wait=true "HTTP/1.1 200 OK"
2025-10-10 18:20:41,206 - __main__ - INFO - Uploaded batch 1 (100 points)
2025-10-10 18:20:41,657 - httpx - INFO - HTTP Request: PUT https://d579ecd5-2fe2-4e6d-8509-77fd94e8cd67.us-east4-0.gcp.cloud.qdrant.io:6333/collections/tro-child-1/points?wait=true "HTTP/1.1 200 OK"
2025-10-10 18:20:41,658 - __main__ - INFO - Uploaded batch 2 (100 points)
2025-10-10 18:20:42,115 - httpx - INFO - HTTP Request: PUT https://d579ecd5-2fe2-4e6d-8509-77fd94e8cd67.us-east4-0.gcp.cloud.qdrant.io:6333/collections/tro-child-1/points?wait=true "HTTP/1.1 200 OK"
2025-10-10 18:20:42,115 - __main__ - INFO - Uploaded batch 3 (100 points)
2025-10-10 18:20:42,312 - httpx - INFO - HTTP Request: PUT https://d579ecd5-2fe2-4e6d-8509-77fd94e8cd67.us-east4-0.gcp.cloud.qdrant.io:6333/collections/tro-child-1/points?wait=true "HTTP/1.1 200 OK"
2025-10-10 18:20:42,313 - __main__ - INFO - Uploaded batch 4 (26 points)
2025-10-10 18:20:42,313 - __main__ - INFO - Successfully uploaded 326 chunks to Qdrant
2025-10-10 18:20:42,314 - __main__ - INFO - 
============================================================
2025-10-10 18:20:42,314 - __main__ - INFO - Processing PDF 3/42: child-care-stakeholder-input-policy-twc.pdf
2025-10-10 18:20:42,314 - __main__ - INFO - ============================================================
2025-10-10 18:20:42,314 - __main__ - INFO - Processing PDF: child-care-stakeholder-input-policy-twc.pdf
2025-10-10 18:20:42,323 - __main__ - INFO - Extracted 5 pages from child-care-stakeholder-input-policy-twc.pdf
2025-10-10 18:20:42,324 - __main__ - INFO - Created 12 chunks from child-care-stakeholder-input-policy-twc.pdf
2025-10-10 18:20:42,325 - __main__ - INFO - Generating embeddings for 12 chunks...
2025-10-10 18:20:42,839 - httpx - INFO - HTTP Request: GET https://d579ecd5-2fe2-4e6d-8509-77fd94e8cd67.us-east4-0.gcp.cloud.qdrant.io:6333/collections/tro-child-1 "HTTP/1.1 200 OK"
2025-10-10 18:20:42,949 - httpx - INFO - HTTP Request: PUT https://d579ecd5-2fe2-4e6d-8509-77fd94e8cd67.us-east4-0.gcp.cloud.qdrant.io:6333/collections/tro-child-1/points?wait=true "HTTP/1.1 200 OK"
2025-10-10 18:20:42,949 - __main__ - INFO - Uploaded batch 1 (12 points)
2025-10-10 18:20:42,949 - __main__ - INFO - Successfully uploaded 12 chunks to Qdrant
2025-10-10 18:20:42,950 - __main__ - INFO - 
============================================================
2025-10-10 18:20:42,950 - __main__ - INFO - Processing PDF 4/42: trs-parent-brochure-spa.pdf
2025-10-10 18:20:42,950 - __main__ - INFO - ============================================================
2025-10-10 18:20:42,950 - __main__ - INFO - Processing PDF: trs-parent-brochure-spa.pdf
2025-10-10 18:20:42,967 - __main__ - INFO - Extracted 2 pages from trs-parent-brochure-spa.pdf
2025-10-10 18:20:42,967 - __main__ - INFO - Created 5 chunks from trs-parent-brochure-spa.pdf
2025-10-10 18:20:42,967 - __main__ - INFO - Generating embeddings for 5 chunks...
2025-10-10 18:20:43,266 - httpx - INFO - HTTP Request: GET https://d579ecd5-2fe2-4e6d-8509-77fd94e8cd67.us-east4-0.gcp.cloud.qdrant.io:6333/collections/tro-child-1 "HTTP/1.1 200 OK"
2025-10-10 18:20:43,350 - httpx - INFO - HTTP Request: PUT https://d579ecd5-2fe2-4e6d-8509-77fd94e8cd67.us-east4-0.gcp.cloud.qdrant.io:6333/collections/tro-child-1/points?wait=true "HTTP/1.1 200 OK"
2025-10-10 18:20:43,351 - __main__ - INFO - Uploaded batch 1 (5 points)
2025-10-10 18:20:43,351 - __main__ - INFO - Successfully uploaded 5 chunks to Qdrant
2025-10-10 18:20:43,351 - __main__ - INFO - 
============================================================
2025-10-10 18:20:43,351 - __main__ - INFO - Processing PDF 5/42: tx-pdg-b5-year-one-accomplishments.pdf
2025-10-10 18:20:43,351 - __main__ - INFO - ============================================================
2025-10-10 18:20:43,351 - __main__ - INFO - Processing PDF: tx-pdg-b5-year-one-accomplishments.pdf
2025-10-10 18:20:43,409 - __main__ - INFO - Extracted 2 pages from tx-pdg-b5-year-one-accomplishments.pdf
2025-10-10 18:20:43,410 - __main__ - INFO - Created 7 chunks from tx-pdg-b5-year-one-accomplishments.pdf
2025-10-10 18:20:43,410 - __main__ - INFO - Generating embeddings for 7 chunks...
2025-10-10 18:20:43,709 - httpx - INFO - HTTP Request: GET https://d579ecd5-2fe2-4e6d-8509-77fd94e8cd67.us-east4-0.gcp.cloud.qdrant.io:6333/collections/tro-child-1 "HTTP/1.1 200 OK"
2025-10-10 18:20:43,925 - httpx - INFO - HTTP Request: PUT https://d579ecd5-2fe2-4e6d-8509-77fd94e8cd67.us-east4-0.gcp.cloud.qdrant.io:6333/collections/tro-child-1/points?wait=true "HTTP/1.1 200 OK"
2025-10-10 18:20:43,926 - __main__ - INFO - Uploaded batch 1 (7 points)
2025-10-10 18:20:43,926 - __main__ - INFO - Successfully uploaded 7 chunks to Qdrant
2025-10-10 18:20:43,926 - __main__ - INFO - Checkpoint saved to /home/tromanow/COHORT/TX/LOAD_DB/checkpoints/checkpoint_20251010_182043.json
2025-10-10 18:20:43,926 - __main__ - INFO - 
============================================================
2025-10-10 18:20:43,926 - __main__ - INFO - Processing PDF 6/42: wd-24-23-att1-twc.pdf
2025-10-10 18:20:43,926 - __main__ - INFO - ============================================================
2025-10-10 18:20:43,926 - __main__ - INFO - Processing PDF: wd-24-23-att1-twc.pdf
2025-10-10 18:20:43,941 - __main__ - INFO - Extracted 2 pages from wd-24-23-att1-twc.pdf
2025-10-10 18:20:43,942 - __main__ - INFO - Created 4 chunks from wd-24-23-att1-twc.pdf
2025-10-10 18:20:43,942 - __main__ - INFO - Generating embeddings for 4 chunks...
2025-10-10 18:20:44,192 - httpx - INFO - HTTP Request: GET https://d579ecd5-2fe2-4e6d-8509-77fd94e8cd67.us-east4-0.gcp.cloud.qdrant.io:6333/collections/tro-child-1 "HTTP/1.1 200 OK"
2025-10-10 18:20:44,282 - httpx - INFO - HTTP Request: PUT https://d579ecd5-2fe2-4e6d-8509-77fd94e8cd67.us-east4-0.gcp.cloud.qdrant.io:6333/collections/tro-child-1/points?wait=true "HTTP/1.1 200 OK"
2025-10-10 18:20:44,283 - __main__ - INFO - Uploaded batch 1 (4 points)
2025-10-10 18:20:44,283 - __main__ - INFO - Successfully uploaded 4 chunks to Qdrant
2025-10-10 18:20:44,283 - __main__ - INFO - 
============================================================
2025-10-10 18:20:44,283 - __main__ - INFO - Processing PDF 7/42: tx-pdg-renewal-application-2022-public.pdf
2025-10-10 18:20:44,283 - __main__ - INFO - ============================================================
2025-10-10 18:20:44,283 - __main__ - INFO - Processing PDF: tx-pdg-renewal-application-2022-public.pdf
2025-10-10 18:20:44,577 - __main__ - INFO - Extracted 67 pages from tx-pdg-renewal-application-2022-public.pdf
2025-10-10 18:20:44,582 - __main__ - INFO - Created 212 chunks from tx-pdg-renewal-application-2022-public.pdf
2025-10-10 18:20:44,582 - __main__ - INFO - Generating embeddings for 212 chunks...
2025-10-10 18:20:54,486 - httpx - INFO - HTTP Request: GET https://d579ecd5-2fe2-4e6d-8509-77fd94e8cd67.us-east4-0.gcp.cloud.qdrant.io:6333/collections/tro-child-1 "HTTP/1.1 200 OK"
2025-10-10 18:20:55,126 - httpx - INFO - HTTP Request: PUT https://d579ecd5-2fe2-4e6d-8509-77fd94e8cd67.us-east4-0.gcp.cloud.qdrant.io:6333/collections/tro-child-1/points?wait=true "HTTP/1.1 200 OK"
2025-10-10 18:20:55,126 - __main__ - INFO - Uploaded batch 1 (100 points)
2025-10-10 18:20:55,588 - httpx - INFO - HTTP Request: PUT https://d579ecd5-2fe2-4e6d-8509-77fd94e8cd67.us-east4-0.gcp.cloud.qdrant.io:6333/collections/tro-child-1/points?wait=true "HTTP/1.1 200 OK"
2025-10-10 18:20:55,588 - __main__ - INFO - Uploaded batch 2 (100 points)
2025-10-10 18:20:55,692 - httpx - INFO - HTTP Request: PUT https://d579ecd5-2fe2-4e6d-8509-77fd94e8cd67.us-east4-0.gcp.cloud.qdrant.io:6333/collections/tro-child-1/points?wait=true "HTTP/1.1 200 OK"
2025-10-10 18:20:55,692 - __main__ - INFO - Uploaded batch 3 (12 points)
2025-10-10 18:20:55,692 - __main__ - INFO - Successfully uploaded 212 chunks to Qdrant
2025-10-10 18:20:55,693 - __main__ - INFO - 
============================================================
2025-10-10 18:20:55,693 - __main__ - INFO - Processing PDF 8/42: commission_meeting_material_02.01.22_item10_dp_5th_tranche_crrsa_arpa_projects.pdf
2025-10-10 18:20:55,693 - __main__ - INFO - ============================================================
2025-10-10 18:20:55,693 - __main__ - INFO - Processing PDF: commission_meeting_material_02.01.22_item10_dp_5th_tranche_crrsa_arpa_projects.pdf
2025-10-10 18:20:55,719 - __main__ - INFO - Extracted 9 pages from commission_meeting_material_02.01.22_item10_dp_5th_tranche_crrsa_arpa_projects.pdf
2025-10-10 18:20:55,719 - __main__ - INFO - Created 34 chunks from commission_meeting_material_02.01.22_item10_dp_5th_tranche_crrsa_arpa_projects.pdf
2025-10-10 18:20:55,720 - __main__ - INFO - Generating embeddings for 34 chunks...
2025-10-10 18:20:57,479 - httpx - INFO - HTTP Request: GET https://d579ecd5-2fe2-4e6d-8509-77fd94e8cd67.us-east4-0.gcp.cloud.qdrant.io:6333/collections/tro-child-1 "HTTP/1.1 200 OK"
2025-10-10 18:20:57,864 - httpx - INFO - HTTP Request: PUT https://d579ecd5-2fe2-4e6d-8509-77fd94e8cd67.us-east4-0.gcp.cloud.qdrant.io:6333/collections/tro-child-1/points?wait=true "HTTP/1.1 200 OK"
2025-10-10 18:20:57,865 - __main__ - INFO - Uploaded batch 1 (34 points)
2025-10-10 18:20:57,865 - __main__ - INFO - Successfully uploaded 34 chunks to Qdrant
2025-10-10 18:20:57,865 - __main__ - INFO - 
============================================================
2025-10-10 18:20:57,865 - __main__ - INFO - Processing PDF 9/42: tx3c-desk-aid-provider-payment-proof-twc.pdf
2025-10-10 18:20:57,865 - __main__ - INFO - ============================================================
2025-10-10 18:20:57,865 - __main__ - INFO - Processing PDF: tx3c-desk-aid-provider-payment-proof-twc.pdf
2025-10-10 18:20:57,879 - __main__ - INFO - Extracted 8 pages from tx3c-desk-aid-provider-payment-proof-twc.pdf
2025-10-10 18:20:57,879 - __main__ - INFO - Created 8 chunks from tx3c-desk-aid-provider-payment-proof-twc.pdf
2025-10-10 18:20:57,879 - __main__ - INFO - Generating embeddings for 8 chunks...
2025-10-10 18:20:58,153 - httpx - INFO - HTTP Request: GET https://d579ecd5-2fe2-4e6d-8509-77fd94e8cd67.us-east4-0.gcp.cloud.qdrant.io:6333/collections/tro-child-1 "HTTP/1.1 200 OK"
2025-10-10 18:20:58,239 - httpx - INFO - HTTP Request: PUT https://d579ecd5-2fe2-4e6d-8509-77fd94e8cd67.us-east4-0.gcp.cloud.qdrant.io:6333/collections/tro-child-1/points?wait=true "HTTP/1.1 200 OK"
2025-10-10 18:20:58,240 - __main__ - INFO - Uploaded batch 1 (8 points)
2025-10-10 18:20:58,240 - __main__ - INFO - Successfully uploaded 8 chunks to Qdrant
2025-10-10 18:20:58,240 - __main__ - INFO - 
============================================================
2025-10-10 18:20:58,240 - __main__ - INFO - Processing PDF 10/42: pdg-simple-yr2-highlights-twc.pdf
2025-10-10 18:20:58,240 - __main__ - INFO - ============================================================
2025-10-10 18:20:58,240 - __main__ - INFO - Processing PDF: pdg-simple-yr2-highlights-twc.pdf
2025-10-10 18:20:58,251 - __main__ - INFO - Extracted 5 pages from pdg-simple-yr2-highlights-twc.pdf
2025-10-10 18:20:58,252 - __main__ - INFO - Created 8 chunks from pdg-simple-yr2-highlights-twc.pdf
2025-10-10 18:20:58,252 - __main__ - INFO - Generating embeddings for 8 chunks...
2025-10-10 18:20:58,591 - httpx - INFO - HTTP Request: GET https://d579ecd5-2fe2-4e6d-8509-77fd94e8cd67.us-east4-0.gcp.cloud.qdrant.io:6333/collections/tro-child-1 "HTTP/1.1 200 OK"
2025-10-10 18:20:58,687 - httpx - INFO - HTTP Request: PUT https://d579ecd5-2fe2-4e6d-8509-77fd94e8cd67.us-east4-0.gcp.cloud.qdrant.io:6333/collections/tro-child-1/points?wait=true "HTTP/1.1 200 OK"
2025-10-10 18:20:58,688 - __main__ - INFO - Uploaded batch 1 (8 points)
2025-10-10 18:20:58,688 - __main__ - INFO - Successfully uploaded 8 chunks to Qdrant
2025-10-10 18:20:58,688 - __main__ - INFO - Checkpoint saved to /home/tromanow/COHORT/TX/LOAD_DB/checkpoints/checkpoint_20251010_182058.json
2025-10-10 18:20:58,688 - __main__ - INFO - 
============================================================
2025-10-10 18:20:58,688 - __main__ - INFO - Processing PDF 11/42: commission-meeting-materials-01.10.23-item3-valuation-effectiveness-child-care-report-88-leg.pdf
2025-10-10 18:20:58,688 - __main__ - INFO - ============================================================
2025-10-10 18:20:58,688 - __main__ - INFO - Processing PDF: commission-meeting-materials-01.10.23-item3-valuation-effectiveness-child-care-report-88-leg.pdf
2025-10-10 18:20:58,871 - __main__ - INFO - Extracted 34 pages from commission-meeting-materials-01.10.23-item3-valuation-effectiveness-child-care-report-88-leg.pdf
2025-10-10 18:20:58,875 - __main__ - INFO - Created 125 chunks from commission-meeting-materials-01.10.23-item3-valuation-effectiveness-child-care-report-88-leg.pdf
2025-10-10 18:20:58,875 - __main__ - INFO - Generating embeddings for 125 chunks...
2025-10-10 18:21:06,487 - httpx - INFO - HTTP Request: GET https://d579ecd5-2fe2-4e6d-8509-77fd94e8cd67.us-east4-0.gcp.cloud.qdrant.io:6333/collections/tro-child-1 "HTTP/1.1 200 OK"
2025-10-10 18:21:07,121 - httpx - INFO - HTTP Request: PUT https://d579ecd5-2fe2-4e6d-8509-77fd94e8cd67.us-east4-0.gcp.cloud.qdrant.io:6333/collections/tro-child-1/points?wait=true "HTTP/1.1 200 OK"
2025-10-10 18:21:07,123 - __main__ - INFO - Uploaded batch 1 (100 points)
2025-10-10 18:21:07,279 - httpx - INFO - HTTP Request: PUT https://d579ecd5-2fe2-4e6d-8509-77fd94e8cd67.us-east4-0.gcp.cloud.qdrant.io:6333/collections/tro-child-1/points?wait=true "HTTP/1.1 200 OK"
2025-10-10 18:21:07,279 - __main__ - INFO - Uploaded batch 2 (25 points)
2025-10-10 18:21:07,279 - __main__ - INFO - Successfully uploaded 125 chunks to Qdrant
2025-10-10 18:21:07,280 - __main__ - INFO - 
============================================================
2025-10-10 18:21:07,280 - __main__ - INFO - Processing PDF 12/42: ccdf-emergency-preparedness-disaster-response-plan-2021-twc.pdf
2025-10-10 18:21:07,280 - __main__ - INFO - ============================================================
2025-10-10 18:21:07,280 - __main__ - INFO - Processing PDF: ccdf-emergency-preparedness-disaster-response-plan-2021-twc.pdf
2025-10-10 18:21:07,295 - __main__ - INFO - Extracted 5 pages from ccdf-emergency-preparedness-disaster-response-plan-2021-twc.pdf
2025-10-10 18:21:07,295 - __main__ - INFO - Created 19 chunks from ccdf-emergency-preparedness-disaster-response-plan-2021-twc.pdf
2025-10-10 18:21:07,296 - __main__ - INFO - Generating embeddings for 19 chunks...
2025-10-10 18:21:08,151 - httpx - INFO - HTTP Request: GET https://d579ecd5-2fe2-4e6d-8509-77fd94e8cd67.us-east4-0.gcp.cloud.qdrant.io:6333/collections/tro-child-1 "HTTP/1.1 200 OK"
2025-10-10 18:21:08,351 - httpx - INFO - HTTP Request: PUT https://d579ecd5-2fe2-4e6d-8509-77fd94e8cd67.us-east4-0.gcp.cloud.qdrant.io:6333/collections/tro-child-1/points?wait=true "HTTP/1.1 200 OK"
2025-10-10 18:21:08,352 - __main__ - INFO - Uploaded batch 1 (19 points)
2025-10-10 18:21:08,352 - __main__ - INFO - Successfully uploaded 19 chunks to Qdrant
2025-10-10 18:21:08,352 - __main__ - INFO - 
============================================================
2025-10-10 18:21:08,352 - __main__ - INFO - Processing PDF 13/42: bcy25-board-max-provider-payment-rates-4-age-groups-twc.pdf
2025-10-10 18:21:08,352 - __main__ - INFO - ============================================================
2025-10-10 18:21:08,352 - __main__ - INFO - Processing PDF: bcy25-board-max-provider-payment-rates-4-age-groups-twc.pdf
2025-10-10 18:21:08,485 - __main__ - INFO - Extracted 28 pages from bcy25-board-max-provider-payment-rates-4-age-groups-twc.pdf
2025-10-10 18:21:08,493 - __main__ - INFO - Created 84 chunks from bcy25-board-max-provider-payment-rates-4-age-groups-twc.pdf
2025-10-10 18:21:08,493 - __main__ - INFO - Generating embeddings for 84 chunks...
2025-10-10 18:21:12,868 - httpx - INFO - HTTP Request: GET https://d579ecd5-2fe2-4e6d-8509-77fd94e8cd67.us-east4-0.gcp.cloud.qdrant.io:6333/collections/tro-child-1 "HTTP/1.1 200 OK"
2025-10-10 18:21:13,439 - httpx - INFO - HTTP Request: PUT https://d579ecd5-2fe2-4e6d-8509-77fd94e8cd67.us-east4-0.gcp.cloud.qdrant.io:6333/collections/tro-child-1/points?wait=true "HTTP/1.1 200 OK"
2025-10-10 18:21:13,440 - __main__ - INFO - Uploaded batch 1 (84 points)
2025-10-10 18:21:13,440 - __main__ - INFO - Successfully uploaded 84 chunks to Qdrant
2025-10-10 18:21:13,440 - __main__ - INFO - 
============================================================
2025-10-10 18:21:13,441 - __main__ - INFO - Processing PDF 14/42: acf-218-qpr-ffy-2023-for-texas.pdf
2025-10-10 18:21:13,441 - __main__ - INFO - ============================================================
2025-10-10 18:21:13,441 - __main__ - INFO - Processing PDF: acf-218-qpr-ffy-2023-for-texas.pdf
2025-10-10 18:21:13,569 - __main__ - INFO - Extracted 67 pages from acf-218-qpr-ffy-2023-for-texas.pdf
2025-10-10 18:21:13,572 - __main__ - INFO - Created 161 chunks from acf-218-qpr-ffy-2023-for-texas.pdf
2025-10-10 18:21:13,572 - __main__ - INFO - Generating embeddings for 161 chunks...
2025-10-10 18:21:21,356 - httpx - INFO - HTTP Request: GET https://d579ecd5-2fe2-4e6d-8509-77fd94e8cd67.us-east4-0.gcp.cloud.qdrant.io:6333/collections/tro-child-1 "HTTP/1.1 200 OK"
2025-10-10 18:21:22,019 - httpx - INFO - HTTP Request: PUT https://d579ecd5-2fe2-4e6d-8509-77fd94e8cd67.us-east4-0.gcp.cloud.qdrant.io:6333/collections/tro-child-1/points?wait=true "HTTP/1.1 200 OK"
2025-10-10 18:21:22,019 - __main__ - INFO - Uploaded batch 1 (100 points)
2025-10-10 18:21:22,302 - httpx - INFO - HTTP Request: PUT https://d579ecd5-2fe2-4e6d-8509-77fd94e8cd67.us-east4-0.gcp.cloud.qdrant.io:6333/collections/tro-child-1/points?wait=true "HTTP/1.1 200 OK"
2025-10-10 18:21:22,303 - __main__ - INFO - Uploaded batch 2 (61 points)
2025-10-10 18:21:22,303 - __main__ - INFO - Successfully uploaded 161 chunks to Qdrant
2025-10-10 18:21:22,303 - __main__ - INFO - 
============================================================
2025-10-10 18:21:22,304 - __main__ - INFO - Processing PDF 15/42: bcy2025-psoc-chart-twc.pdf
2025-10-10 18:21:22,304 - __main__ - INFO - ============================================================
2025-10-10 18:21:22,304 - __main__ - INFO - Processing PDF: bcy2025-psoc-chart-twc.pdf
2025-10-10 18:21:22,310 - __main__ - INFO - Extracted 1 pages from bcy2025-psoc-chart-twc.pdf
2025-10-10 18:21:22,310 - __main__ - INFO - Created 3 chunks from bcy2025-psoc-chart-twc.pdf
2025-10-10 18:21:22,311 - __main__ - INFO - Generating embeddings for 3 chunks...
2025-10-10 18:21:22,523 - httpx - INFO - HTTP Request: GET https://d579ecd5-2fe2-4e6d-8509-77fd94e8cd67.us-east4-0.gcp.cloud.qdrant.io:6333/collections/tro-child-1 "HTTP/1.1 200 OK"
2025-10-10 18:21:22,618 - httpx - INFO - HTTP Request: PUT https://d579ecd5-2fe2-4e6d-8509-77fd94e8cd67.us-east4-0.gcp.cloud.qdrant.io:6333/collections/tro-child-1/points?wait=true "HTTP/1.1 200 OK"
2025-10-10 18:21:22,619 - __main__ - INFO - Uploaded batch 1 (3 points)
2025-10-10 18:21:22,619 - __main__ - INFO - Successfully uploaded 3 chunks to Qdrant
2025-10-10 18:21:22,619 - __main__ - INFO - Checkpoint saved to /home/tromanow/COHORT/TX/LOAD_DB/checkpoints/checkpoint_20251010_182122.json
2025-10-10 18:21:22,619 - __main__ - INFO - 
============================================================
2025-10-10 18:21:22,619 - __main__ - INFO - Processing PDF 16/42: evaluation-effectiveness-child-care-program-85-legislature-twc.pdf
2025-10-10 18:21:22,619 - __main__ - INFO - ============================================================
2025-10-10 18:21:22,619 - __main__ - INFO - Processing PDF: evaluation-effectiveness-child-care-program-85-legislature-twc.pdf
2025-10-10 18:21:22,691 - __main__ - INFO - Extracted 20 pages from evaluation-effectiveness-child-care-program-85-legislature-twc.pdf
2025-10-10 18:21:22,697 - __main__ - INFO - Created 61 chunks from evaluation-effectiveness-child-care-program-85-legislature-twc.pdf
2025-10-10 18:21:22,698 - __main__ - INFO - Generating embeddings for 61 chunks...
2025-10-10 18:21:25,942 - httpx - INFO - HTTP Request: GET https://d579ecd5-2fe2-4e6d-8509-77fd94e8cd67.us-east4-0.gcp.cloud.qdrant.io:6333/collections/tro-child-1 "HTTP/1.1 200 OK"
2025-10-10 18:21:26,521 - httpx - INFO - HTTP Request: PUT https://d579ecd5-2fe2-4e6d-8509-77fd94e8cd67.us-east4-0.gcp.cloud.qdrant.io:6333/collections/tro-child-1/points?wait=true "HTTP/1.1 200 OK"
2025-10-10 18:21:26,522 - __main__ - INFO - Uploaded batch 1 (61 points)
2025-10-10 18:21:26,522 - __main__ - INFO - Successfully uploaded 61 chunks to Qdrant
2025-10-10 18:21:26,522 - __main__ - INFO - 
============================================================
2025-10-10 18:21:26,522 - __main__ - INFO - Processing PDF 17/42: evaluation-effectiveness-child-care-program-84-legislature-twc.pdf
2025-10-10 18:21:26,522 - __main__ - INFO - ============================================================
2025-10-10 18:21:26,522 - __main__ - INFO - Processing PDF: evaluation-effectiveness-child-care-program-84-legislature-twc.pdf
2025-10-10 18:21:26,550 - __main__ - INFO - Extracted 7 pages from evaluation-effectiveness-child-care-program-84-legislature-twc.pdf
2025-10-10 18:21:26,550 - __main__ - INFO - Created 23 chunks from evaluation-effectiveness-child-care-program-84-legislature-twc.pdf
2025-10-10 18:21:26,550 - __main__ - INFO - Generating embeddings for 23 chunks...
2025-10-10 18:21:27,641 - httpx - INFO - HTTP Request: GET https://d579ecd5-2fe2-4e6d-8509-77fd94e8cd67.us-east4-0.gcp.cloud.qdrant.io:6333/collections/tro-child-1 "HTTP/1.1 200 OK"
2025-10-10 18:21:27,862 - httpx - INFO - HTTP Request: PUT https://d579ecd5-2fe2-4e6d-8509-77fd94e8cd67.us-east4-0.gcp.cloud.qdrant.io:6333/collections/tro-child-1/points?wait=true "HTTP/1.1 200 OK"
2025-10-10 18:21:27,862 - __main__ - INFO - Uploaded batch 1 (23 points)
2025-10-10 18:21:27,862 - __main__ - INFO - Successfully uploaded 23 chunks to Qdrant
2025-10-10 18:21:27,862 - __main__ - INFO - 
============================================================
2025-10-10 18:21:27,862 - __main__ - INFO - Processing PDF 18/42: 2025-2027-tx-state-plan-stakeholder-input-twc.pdf
2025-10-10 18:21:27,862 - __main__ - INFO - ============================================================
2025-10-10 18:21:27,862 - __main__ - INFO - Processing PDF: 2025-2027-tx-state-plan-stakeholder-input-twc.pdf
2025-10-10 18:21:27,887 - __main__ - INFO - Extracted 21 pages from 2025-2027-tx-state-plan-stakeholder-input-twc.pdf
2025-10-10 18:21:27,888 - __main__ - INFO - Created 21 chunks from 2025-2027-tx-state-plan-stakeholder-input-twc.pdf
2025-10-10 18:21:27,888 - __main__ - INFO - Generating embeddings for 21 chunks...
2025-10-10 18:21:28,758 - httpx - INFO - HTTP Request: GET https://d579ecd5-2fe2-4e6d-8509-77fd94e8cd67.us-east4-0.gcp.cloud.qdrant.io:6333/collections/tro-child-1 "HTTP/1.1 200 OK"
2025-10-10 18:21:28,956 - httpx - INFO - HTTP Request: PUT https://d579ecd5-2fe2-4e6d-8509-77fd94e8cd67.us-east4-0.gcp.cloud.qdrant.io:6333/collections/tro-child-1/points?wait=true "HTTP/1.1 200 OK"
2025-10-10 18:21:28,957 - __main__ - INFO - Uploaded batch 1 (21 points)
2025-10-10 18:21:28,957 - __main__ - INFO - Successfully uploaded 21 chunks to Qdrant
2025-10-10 18:21:28,957 - __main__ - INFO - 
============================================================
2025-10-10 18:21:28,957 - __main__ - INFO - Processing PDF 19/42: child-care-provider-desk-aid-twc.pdf
2025-10-10 18:21:28,957 - __main__ - INFO - ============================================================
2025-10-10 18:21:28,957 - __main__ - INFO - Processing PDF: child-care-provider-desk-aid-twc.pdf
2025-10-10 18:21:28,984 - __main__ - INFO - Extracted 18 pages from child-care-provider-desk-aid-twc.pdf
2025-10-10 18:21:28,984 - __main__ - INFO - Created 18 chunks from child-care-provider-desk-aid-twc.pdf
2025-10-10 18:21:28,985 - __main__ - INFO - Generating embeddings for 18 chunks...
2025-10-10 18:21:29,338 - httpx - INFO - HTTP Request: GET https://d579ecd5-2fe2-4e6d-8509-77fd94e8cd67.us-east4-0.gcp.cloud.qdrant.io:6333/collections/tro-child-1 "HTTP/1.1 200 OK"
2025-10-10 18:21:29,521 - httpx - INFO - HTTP Request: PUT https://d579ecd5-2fe2-4e6d-8509-77fd94e8cd67.us-east4-0.gcp.cloud.qdrant.io:6333/collections/tro-child-1/points?wait=true "HTTP/1.1 200 OK"
2025-10-10 18:21:29,521 - __main__ - INFO - Uploaded batch 1 (18 points)
2025-10-10 18:21:29,522 - __main__ - INFO - Successfully uploaded 18 chunks to Qdrant
2025-10-10 18:21:29,522 - __main__ - INFO - 
============================================================
2025-10-10 18:21:29,522 - __main__ - INFO - Processing PDF 20/42: child-care-services-parent-rights-twc.pdf
2025-10-10 18:21:29,522 - __main__ - INFO - ============================================================
2025-10-10 18:21:29,522 - __main__ - INFO - Processing PDF: child-care-services-parent-rights-twc.pdf
2025-10-10 18:21:29,541 - __main__ - INFO - Extracted 5 pages from child-care-services-parent-rights-twc.pdf
2025-10-10 18:21:29,542 - __main__ - INFO - Created 17 chunks from child-care-services-parent-rights-twc.pdf
2025-10-10 18:21:29,542 - __main__ - INFO - Generating embeddings for 17 chunks...
2025-10-10 18:21:30,421 - httpx - INFO - HTTP Request: GET https://d579ecd5-2fe2-4e6d-8509-77fd94e8cd67.us-east4-0.gcp.cloud.qdrant.io:6333/collections/tro-child-1 "HTTP/1.1 200 OK"
2025-10-10 18:21:30,673 - httpx - INFO - HTTP Request: PUT https://d579ecd5-2fe2-4e6d-8509-77fd94e8cd67.us-east4-0.gcp.cloud.qdrant.io:6333/collections/tro-child-1/points?wait=true "HTTP/1.1 200 OK"
2025-10-10 18:21:30,674 - __main__ - INFO - Uploaded batch 1 (17 points)
2025-10-10 18:21:30,674 - __main__ - INFO - Successfully uploaded 17 chunks to Qdrant
2025-10-10 18:21:30,675 - __main__ - INFO - Checkpoint saved to /home/tromanow/COHORT/TX/LOAD_DB/checkpoints/checkpoint_20251010_182130.json
2025-10-10 18:21:30,675 - __main__ - INFO - 
============================================================
2025-10-10 18:21:30,675 - __main__ - INFO - Processing PDF 21/42: acf-218-qpr-ffy-2024-for-texas.pdf
2025-10-10 18:21:30,675 - __main__ - INFO - ============================================================
2025-10-10 18:21:30,675 - __main__ - INFO - Processing PDF: acf-218-qpr-ffy-2024-for-texas.pdf
2025-10-10 18:21:30,821 - __main__ - INFO - Extracted 64 pages from acf-218-qpr-ffy-2024-for-texas.pdf
2025-10-10 18:21:30,827 - __main__ - INFO - Created 152 chunks from acf-218-qpr-ffy-2024-for-texas.pdf
2025-10-10 18:21:30,827 - __main__ - INFO - Generating embeddings for 152 chunks...
2025-10-10 18:21:38,187 - httpx - INFO - HTTP Request: GET https://d579ecd5-2fe2-4e6d-8509-77fd94e8cd67.us-east4-0.gcp.cloud.qdrant.io:6333/collections/tro-child-1 "HTTP/1.1 200 OK"
2025-10-10 18:21:39,181 - httpx - INFO - HTTP Request: PUT https://d579ecd5-2fe2-4e6d-8509-77fd94e8cd67.us-east4-0.gcp.cloud.qdrant.io:6333/collections/tro-child-1/points?wait=true "HTTP/1.1 200 OK"
2025-10-10 18:21:39,181 - __main__ - INFO - Uploaded batch 1 (100 points)
2025-10-10 18:21:39,559 - httpx - INFO - HTTP Request: PUT https://d579ecd5-2fe2-4e6d-8509-77fd94e8cd67.us-east4-0.gcp.cloud.qdrant.io:6333/collections/tro-child-1/points?wait=true "HTTP/1.1 200 OK"
2025-10-10 18:21:39,560 - __main__ - INFO - Uploaded batch 2 (52 points)
2025-10-10 18:21:39,560 - __main__ - INFO - Successfully uploaded 152 chunks to Qdrant
2025-10-10 18:21:39,561 - __main__ - INFO - 
============================================================
2025-10-10 18:21:39,561 - __main__ - INFO - Processing PDF 22/42: bcy-26-psoc-chart-twc.pdf
2025-10-10 18:21:39,561 - __main__ - INFO - ============================================================
2025-10-10 18:21:39,561 - __main__ - INFO - Processing PDF: bcy-26-psoc-chart-twc.pdf
2025-10-10 18:21:39,571 - __main__ - INFO - Extracted 1 pages from bcy-26-psoc-chart-twc.pdf
2025-10-10 18:21:39,571 - __main__ - INFO - Created 3 chunks from bcy-26-psoc-chart-twc.pdf
2025-10-10 18:21:39,572 - __main__ - INFO - Generating embeddings for 3 chunks...
2025-10-10 18:21:39,765 - httpx - INFO - HTTP Request: GET https://d579ecd5-2fe2-4e6d-8509-77fd94e8cd67.us-east4-0.gcp.cloud.qdrant.io:6333/collections/tro-child-1 "HTTP/1.1 200 OK"
2025-10-10 18:21:39,854 - httpx - INFO - HTTP Request: PUT https://d579ecd5-2fe2-4e6d-8509-77fd94e8cd67.us-east4-0.gcp.cloud.qdrant.io:6333/collections/tro-child-1/points?wait=true "HTTP/1.1 200 OK"
2025-10-10 18:21:39,855 - __main__ - INFO - Uploaded batch 1 (3 points)
2025-10-10 18:21:39,856 - __main__ - INFO - Successfully uploaded 3 chunks to Qdrant
2025-10-10 18:21:39,856 - __main__ - INFO - 
============================================================
2025-10-10 18:21:39,856 - __main__ - INFO - Processing PDF 23/42: child-care-workforce-strategic-plan.pdf
2025-10-10 18:21:39,856 - __main__ - INFO - ============================================================
2025-10-10 18:21:39,856 - __main__ - INFO - Processing PDF: child-care-workforce-strategic-plan.pdf
2025-10-10 18:21:39,994 - __main__ - INFO - Extracted 66 pages from child-care-workforce-strategic-plan.pdf
2025-10-10 18:21:39,997 - __main__ - INFO - Created 178 chunks from child-care-workforce-strategic-plan.pdf
2025-10-10 18:21:39,997 - __main__ - INFO - Generating embeddings for 178 chunks...
2025-10-10 18:21:49,418 - httpx - INFO - HTTP Request: GET https://d579ecd5-2fe2-4e6d-8509-77fd94e8cd67.us-east4-0.gcp.cloud.qdrant.io:6333/collections/tro-child-1 "HTTP/1.1 200 OK"
2025-10-10 18:21:50,078 - httpx - INFO - HTTP Request: PUT https://d579ecd5-2fe2-4e6d-8509-77fd94e8cd67.us-east4-0.gcp.cloud.qdrant.io:6333/collections/tro-child-1/points?wait=true "HTTP/1.1 200 OK"
2025-10-10 18:21:50,079 - __main__ - INFO - Uploaded batch 1 (100 points)
2025-10-10 18:21:50,428 - httpx - INFO - HTTP Request: PUT https://d579ecd5-2fe2-4e6d-8509-77fd94e8cd67.us-east4-0.gcp.cloud.qdrant.io:6333/collections/tro-child-1/points?wait=true "HTTP/1.1 200 OK"
2025-10-10 18:21:50,428 - __main__ - INFO - Uploaded batch 2 (78 points)
2025-10-10 18:21:50,428 - __main__ - INFO - Successfully uploaded 178 chunks to Qdrant
2025-10-10 18:21:50,429 - __main__ - INFO - 
============================================================
2025-10-10 18:21:50,429 - __main__ - INFO - Processing PDF 24/42: child-care-teacher-desk-aid-march-2023-twc.pdf
2025-10-10 18:21:50,429 - __main__ - INFO - ============================================================
2025-10-10 18:21:50,429 - __main__ - INFO - Processing PDF: child-care-teacher-desk-aid-march-2023-twc.pdf
2025-10-10 18:21:50,453 - __main__ - INFO - Extracted 18 pages from child-care-teacher-desk-aid-march-2023-twc.pdf
2025-10-10 18:21:50,453 - __main__ - INFO - Created 18 chunks from child-care-teacher-desk-aid-march-2023-twc.pdf
2025-10-10 18:21:50,453 - __main__ - INFO - Generating embeddings for 18 chunks...
2025-10-10 18:21:50,881 - httpx - INFO - HTTP Request: GET https://d579ecd5-2fe2-4e6d-8509-77fd94e8cd67.us-east4-0.gcp.cloud.qdrant.io:6333/collections/tro-child-1 "HTTP/1.1 200 OK"
2025-10-10 18:21:51,003 - httpx - INFO - HTTP Request: PUT https://d579ecd5-2fe2-4e6d-8509-77fd94e8cd67.us-east4-0.gcp.cloud.qdrant.io:6333/collections/tro-child-1/points?wait=true "HTTP/1.1 200 OK"
2025-10-10 18:21:51,004 - __main__ - INFO - Uploaded batch 1 (18 points)
2025-10-10 18:21:51,004 - __main__ - INFO - Successfully uploaded 18 chunks to Qdrant
2025-10-10 18:21:51,004 - __main__ - INFO - 
============================================================
2025-10-10 18:21:51,004 - __main__ - INFO - Processing PDF 25/42: parent-tx3c-attendance-help-english-twc.pdf
2025-10-10 18:21:51,004 - __main__ - INFO - ============================================================
2025-10-10 18:21:51,004 - __main__ - INFO - Processing PDF: parent-tx3c-attendance-help-english-twc.pdf
2025-10-10 18:21:51,014 - __main__ - INFO - Extracted 1 pages from parent-tx3c-attendance-help-english-twc.pdf
2025-10-10 18:21:51,014 - __main__ - INFO - Created 2 chunks from parent-tx3c-attendance-help-english-twc.pdf
2025-10-10 18:21:51,014 - __main__ - INFO - Generating embeddings for 2 chunks...
2025-10-10 18:21:51,188 - httpx - INFO - HTTP Request: GET https://d579ecd5-2fe2-4e6d-8509-77fd94e8cd67.us-east4-0.gcp.cloud.qdrant.io:6333/collections/tro-child-1 "HTTP/1.1 200 OK"
2025-10-10 18:21:51,272 - httpx - INFO - HTTP Request: PUT https://d579ecd5-2fe2-4e6d-8509-77fd94e8cd67.us-east4-0.gcp.cloud.qdrant.io:6333/collections/tro-child-1/points?wait=true "HTTP/1.1 200 OK"
2025-10-10 18:21:51,273 - __main__ - INFO - Uploaded batch 1 (2 points)
2025-10-10 18:21:51,273 - __main__ - INFO - Successfully uploaded 2 chunks to Qdrant
2025-10-10 18:21:51,273 - __main__ - INFO - Checkpoint saved to /home/tromanow/COHORT/TX/LOAD_DB/checkpoints/checkpoint_20251010_182151.json
2025-10-10 18:21:51,273 - __main__ - INFO - 
============================================================
2025-10-10 18:21:51,273 - __main__ - INFO - Processing PDF 26/42: bcy-26-income-eligibility-and-maximum-psoc-twc.pdf
2025-10-10 18:21:51,273 - __main__ - INFO - ============================================================
2025-10-10 18:21:51,273 - __main__ - INFO - Processing PDF: bcy-26-income-eligibility-and-maximum-psoc-twc.pdf
2025-10-10 18:21:51,283 - __main__ - INFO - Extracted 1 pages from bcy-26-income-eligibility-and-maximum-psoc-twc.pdf
2025-10-10 18:21:51,283 - __main__ - INFO - Created 4 chunks from bcy-26-income-eligibility-and-maximum-psoc-twc.pdf
2025-10-10 18:21:51,284 - __main__ - INFO - Generating embeddings for 4 chunks...
2025-10-10 18:21:51,528 - httpx - INFO - HTTP Request: GET https://d579ecd5-2fe2-4e6d-8509-77fd94e8cd67.us-east4-0.gcp.cloud.qdrant.io:6333/collections/tro-child-1 "HTTP/1.1 200 OK"
2025-10-10 18:21:51,616 - httpx - INFO - HTTP Request: PUT https://d579ecd5-2fe2-4e6d-8509-77fd94e8cd67.us-east4-0.gcp.cloud.qdrant.io:6333/collections/tro-child-1/points?wait=true "HTTP/1.1 200 OK"
2025-10-10 18:21:51,616 - __main__ - INFO - Uploaded batch 1 (4 points)
2025-10-10 18:21:51,616 - __main__ - INFO - Successfully uploaded 4 chunks to Qdrant
2025-10-10 18:21:51,617 - __main__ - INFO - 
============================================================
2025-10-10 18:21:51,617 - __main__ - INFO - Processing PDF 27/42: provider-attendance-matrix-english-twc.pdf
2025-10-10 18:21:51,617 - __main__ - INFO - ============================================================
2025-10-10 18:21:51,617 - __main__ - INFO - Processing PDF: provider-attendance-matrix-english-twc.pdf
2025-10-10 18:21:51,631 - __main__ - INFO - Extracted 1 pages from provider-attendance-matrix-english-twc.pdf
2025-10-10 18:21:51,632 - __main__ - INFO - Created 4 chunks from provider-attendance-matrix-english-twc.pdf
2025-10-10 18:21:51,632 - __main__ - INFO - Generating embeddings for 4 chunks...
2025-10-10 18:21:51,861 - httpx - INFO - HTTP Request: GET https://d579ecd5-2fe2-4e6d-8509-77fd94e8cd67.us-east4-0.gcp.cloud.qdrant.io:6333/collections/tro-child-1 "HTTP/1.1 200 OK"
2025-10-10 18:21:51,944 - httpx - INFO - HTTP Request: PUT https://d579ecd5-2fe2-4e6d-8509-77fd94e8cd67.us-east4-0.gcp.cloud.qdrant.io:6333/collections/tro-child-1/points?wait=true "HTTP/1.1 200 OK"
2025-10-10 18:21:51,944 - __main__ - INFO - Uploaded batch 1 (4 points)
2025-10-10 18:21:51,944 - __main__ - INFO - Successfully uploaded 4 chunks to Qdrant
2025-10-10 18:21:51,944 - __main__ - INFO - 
============================================================
2025-10-10 18:21:51,944 - __main__ - INFO - Processing PDF 28/42: child-care-services-guide-twc.pdf
2025-10-10 18:21:51,944 - __main__ - INFO - ============================================================
2025-10-10 18:21:51,944 - __main__ - INFO - Processing PDF: child-care-services-guide-twc.pdf
2025-10-10 18:21:52,232 - __main__ - INFO - Extracted 175 pages from child-care-services-guide-twc.pdf
2025-10-10 18:21:52,241 - __main__ - INFO - Created 501 chunks from child-care-services-guide-twc.pdf
2025-10-10 18:21:52,242 - __main__ - INFO - Generating embeddings for 501 chunks...
2025-10-10 18:22:19,847 - httpx - INFO - HTTP Request: GET https://d579ecd5-2fe2-4e6d-8509-77fd94e8cd67.us-east4-0.gcp.cloud.qdrant.io:6333/collections/tro-child-1 "HTTP/1.1 200 OK"
2025-10-10 18:22:20,699 - httpx - INFO - HTTP Request: PUT https://d579ecd5-2fe2-4e6d-8509-77fd94e8cd67.us-east4-0.gcp.cloud.qdrant.io:6333/collections/tro-child-1/points?wait=true "HTTP/1.1 200 OK"
2025-10-10 18:22:20,699 - __main__ - INFO - Uploaded batch 1 (100 points)
2025-10-10 18:22:21,218 - httpx - INFO - HTTP Request: PUT https://d579ecd5-2fe2-4e6d-8509-77fd94e8cd67.us-east4-0.gcp.cloud.qdrant.io:6333/collections/tro-child-1/points?wait=true "HTTP/1.1 200 OK"
2025-10-10 18:22:21,218 - __main__ - INFO - Uploaded batch 2 (100 points)
2025-10-10 18:22:21,675 - httpx - INFO - HTTP Request: PUT https://d579ecd5-2fe2-4e6d-8509-77fd94e8cd67.us-east4-0.gcp.cloud.qdrant.io:6333/collections/tro-child-1/points?wait=true "HTTP/1.1 200 OK"
2025-10-10 18:22:21,675 - __main__ - INFO - Uploaded batch 3 (100 points)
2025-10-10 18:22:22,105 - httpx - INFO - HTTP Request: PUT https://d579ecd5-2fe2-4e6d-8509-77fd94e8cd67.us-east4-0.gcp.cloud.qdrant.io:6333/collections/tro-child-1/points?wait=true "HTTP/1.1 200 OK"
2025-10-10 18:22:22,109 - __main__ - INFO - Uploaded batch 4 (100 points)
2025-10-10 18:22:22,552 - httpx - INFO - HTTP Request: PUT https://d579ecd5-2fe2-4e6d-8509-77fd94e8cd67.us-east4-0.gcp.cloud.qdrant.io:6333/collections/tro-child-1/points?wait=true "HTTP/1.1 200 OK"
2025-10-10 18:22:22,554 - __main__ - INFO - Uploaded batch 5 (100 points)
2025-10-10 18:22:22,643 - httpx - INFO - HTTP Request: PUT https://d579ecd5-2fe2-4e6d-8509-77fd94e8cd67.us-east4-0.gcp.cloud.qdrant.io:6333/collections/tro-child-1/points?wait=true "HTTP/1.1 200 OK"
2025-10-10 18:22:22,643 - __main__ - INFO - Uploaded batch 6 (1 points)
2025-10-10 18:22:22,643 - __main__ - INFO - Successfully uploaded 501 chunks to Qdrant
2025-10-10 18:22:22,645 - __main__ - INFO - 
============================================================
2025-10-10 18:22:22,645 - __main__ - INFO - Processing PDF 29/42: tx-ccdf-state-plan-ffy2025-2027-approved.pdf
2025-10-10 18:22:22,645 - __main__ - INFO - ============================================================
2025-10-10 18:22:22,645 - __main__ - INFO - Processing PDF: tx-ccdf-state-plan-ffy2025-2027-approved.pdf
2025-10-10 18:22:22,988 - __main__ - INFO - Extracted 220 pages from tx-ccdf-state-plan-ffy2025-2027-approved.pdf
2025-10-10 18:22:23,000 - __main__ - INFO - Created 796 chunks from tx-ccdf-state-plan-ffy2025-2027-approved.pdf
2025-10-10 18:22:23,000 - __main__ - INFO - Generating embeddings for 796 chunks...
2025-10-10 18:23:03,604 - httpx - INFO - HTTP Request: GET https://d579ecd5-2fe2-4e6d-8509-77fd94e8cd67.us-east4-0.gcp.cloud.qdrant.io:6333/collections/tro-child-1 "HTTP/1.1 200 OK"
2025-10-10 18:23:04,217 - httpx - INFO - HTTP Request: PUT https://d579ecd5-2fe2-4e6d-8509-77fd94e8cd67.us-east4-0.gcp.cloud.qdrant.io:6333/collections/tro-child-1/points?wait=true "HTTP/1.1 200 OK"
2025-10-10 18:23:04,217 - __main__ - INFO - Uploaded batch 1 (100 points)
2025-10-10 18:23:04,694 - httpx - INFO - HTTP Request: PUT https://d579ecd5-2fe2-4e6d-8509-77fd94e8cd67.us-east4-0.gcp.cloud.qdrant.io:6333/collections/tro-child-1/points?wait=true "HTTP/1.1 200 OK"
2025-10-10 18:23:04,694 - __main__ - INFO - Uploaded batch 2 (100 points)
2025-10-10 18:23:05,163 - httpx - INFO - HTTP Request: PUT https://d579ecd5-2fe2-4e6d-8509-77fd94e8cd67.us-east4-0.gcp.cloud.qdrant.io:6333/collections/tro-child-1/points?wait=true "HTTP/1.1 200 OK"
2025-10-10 18:23:05,164 - __main__ - INFO - Uploaded batch 3 (100 points)
2025-10-10 18:23:05,605 - httpx - INFO - HTTP Request: PUT https://d579ecd5-2fe2-4e6d-8509-77fd94e8cd67.us-east4-0.gcp.cloud.qdrant.io:6333/collections/tro-child-1/points?wait=true "HTTP/1.1 200 OK"
2025-10-10 18:23:05,605 - __main__ - INFO - Uploaded batch 4 (100 points)
2025-10-10 18:23:06,079 - httpx - INFO - HTTP Request: PUT https://d579ecd5-2fe2-4e6d-8509-77fd94e8cd67.us-east4-0.gcp.cloud.qdrant.io:6333/collections/tro-child-1/points?wait=true "HTTP/1.1 200 OK"
2025-10-10 18:23:06,080 - __main__ - INFO - Uploaded batch 5 (100 points)
2025-10-10 18:23:06,498 - httpx - INFO - HTTP Request: PUT https://d579ecd5-2fe2-4e6d-8509-77fd94e8cd67.us-east4-0.gcp.cloud.qdrant.io:6333/collections/tro-child-1/points?wait=true "HTTP/1.1 200 OK"
2025-10-10 18:23:06,498 - __main__ - INFO - Uploaded batch 6 (100 points)
2025-10-10 18:23:06,930 - httpx - INFO - HTTP Request: PUT https://d579ecd5-2fe2-4e6d-8509-77fd94e8cd67.us-east4-0.gcp.cloud.qdrant.io:6333/collections/tro-child-1/points?wait=true "HTTP/1.1 200 OK"
2025-10-10 18:23:06,931 - __main__ - INFO - Uploaded batch 7 (100 points)
2025-10-10 18:23:07,339 - httpx - INFO - HTTP Request: PUT https://d579ecd5-2fe2-4e6d-8509-77fd94e8cd67.us-east4-0.gcp.cloud.qdrant.io:6333/collections/tro-child-1/points?wait=true "HTTP/1.1 200 OK"
2025-10-10 18:23:07,339 - __main__ - INFO - Uploaded batch 8 (96 points)
2025-10-10 18:23:07,339 - __main__ - INFO - Successfully uploaded 796 chunks to Qdrant
2025-10-10 18:23:07,342 - __main__ - INFO - 
============================================================
2025-10-10 18:23:07,342 - __main__ - INFO - Processing PDF 30/42: strand4_wkfc_concurrent_sessions_intro_acc.pdf
2025-10-10 18:23:07,342 - __main__ - INFO - ============================================================
2025-10-10 18:23:07,342 - __main__ - INFO - Processing PDF: strand4_wkfc_concurrent_sessions_intro_acc.pdf
2025-10-10 18:23:07,365 - __main__ - INFO - Extracted 14 pages from strand4_wkfc_concurrent_sessions_intro_acc.pdf
2025-10-10 18:23:07,366 - __main__ - INFO - Created 14 chunks from strand4_wkfc_concurrent_sessions_intro_acc.pdf
2025-10-10 18:23:07,366 - __main__ - INFO - Generating embeddings for 14 chunks...
2025-10-10 18:23:07,908 - httpx - INFO - HTTP Request: GET https://d579ecd5-2fe2-4e6d-8509-77fd94e8cd67.us-east4-0.gcp.cloud.qdrant.io:6333/collections/tro-child-1 "HTTP/1.1 200 OK"
2025-10-10 18:23:08,025 - httpx - INFO - HTTP Request: PUT https://d579ecd5-2fe2-4e6d-8509-77fd94e8cd67.us-east4-0.gcp.cloud.qdrant.io:6333/collections/tro-child-1/points?wait=true "HTTP/1.1 200 OK"
2025-10-10 18:23:08,029 - __main__ - INFO - Uploaded batch 1 (14 points)
2025-10-10 18:23:08,029 - __main__ - INFO - Successfully uploaded 14 chunks to Qdrant
2025-10-10 18:23:08,029 - __main__ - INFO - Checkpoint saved to /home/tromanow/COHORT/TX/LOAD_DB/checkpoints/checkpoint_20251010_182308.json
2025-10-10 18:23:08,029 - __main__ - INFO - 
============================================================
2025-10-10 18:23:08,029 - __main__ - INFO - Processing PDF 31/42: trs-parent-brochure-vie.pdf
2025-10-10 18:23:08,029 - __main__ - INFO - ============================================================
2025-10-10 18:23:08,029 - __main__ - INFO - Processing PDF: trs-parent-brochure-vie.pdf
2025-10-10 18:23:08,058 - __main__ - INFO - Extracted 2 pages from trs-parent-brochure-vie.pdf
2025-10-10 18:23:08,058 - __main__ - INFO - Created 4 chunks from trs-parent-brochure-vie.pdf
2025-10-10 18:23:08,058 - __main__ - INFO - Generating embeddings for 4 chunks...
2025-10-10 18:23:08,306 - httpx - INFO - HTTP Request: GET https://d579ecd5-2fe2-4e6d-8509-77fd94e8cd67.us-east4-0.gcp.cloud.qdrant.io:6333/collections/tro-child-1 "HTTP/1.1 200 OK"
2025-10-10 18:23:08,391 - httpx - INFO - HTTP Request: PUT https://d579ecd5-2fe2-4e6d-8509-77fd94e8cd67.us-east4-0.gcp.cloud.qdrant.io:6333/collections/tro-child-1/points?wait=true "HTTP/1.1 200 OK"
2025-10-10 18:23:08,392 - __main__ - INFO - Uploaded batch 1 (4 points)
2025-10-10 18:23:08,392 - __main__ - INFO - Successfully uploaded 4 chunks to Qdrant
2025-10-10 18:23:08,392 - __main__ - INFO - 
============================================================
2025-10-10 18:23:08,392 - __main__ - INFO - Processing PDF 32/42: bcy25-child-care-provider-payment-rates-twc.pdf
2025-10-10 18:23:08,392 - __main__ - INFO - ============================================================
2025-10-10 18:23:08,392 - __main__ - INFO - Processing PDF: bcy25-child-care-provider-payment-rates-twc.pdf
2025-10-10 18:23:08,637 - __main__ - INFO - Extracted 28 pages from bcy25-child-care-provider-payment-rates-twc.pdf
2025-10-10 18:23:08,642 - __main__ - INFO - Created 112 chunks from bcy25-child-care-provider-payment-rates-twc.pdf
2025-10-10 18:23:08,642 - __main__ - INFO - Generating embeddings for 112 chunks...
2025-10-10 18:23:14,998 - httpx - INFO - HTTP Request: GET https://d579ecd5-2fe2-4e6d-8509-77fd94e8cd67.us-east4-0.gcp.cloud.qdrant.io:6333/collections/tro-child-1 "HTTP/1.1 200 OK"
2025-10-10 18:23:15,690 - httpx - INFO - HTTP Request: PUT https://d579ecd5-2fe2-4e6d-8509-77fd94e8cd67.us-east4-0.gcp.cloud.qdrant.io:6333/collections/tro-child-1/points?wait=true "HTTP/1.1 200 OK"
2025-10-10 18:23:15,691 - __main__ - INFO - Uploaded batch 1 (100 points)
2025-10-10 18:23:15,807 - httpx - INFO - HTTP Request: PUT https://d579ecd5-2fe2-4e6d-8509-77fd94e8cd67.us-east4-0.gcp.cloud.qdrant.io:6333/collections/tro-child-1/points?wait=true "HTTP/1.1 200 OK"
2025-10-10 18:23:15,809 - __main__ - INFO - Uploaded batch 2 (12 points)
2025-10-10 18:23:15,809 - __main__ - INFO - Successfully uploaded 112 chunks to Qdrant
2025-10-10 18:23:15,809 - __main__ - INFO - 
============================================================
2025-10-10 18:23:15,809 - __main__ - INFO - Processing PDF 33/42: evaluation-of-the-effectiveness-of-child-care-report-to-86th-legislature-2019-twc.pdf
2025-10-10 18:23:15,809 - __main__ - INFO - ============================================================
2025-10-10 18:23:15,809 - __main__ - INFO - Processing PDF: evaluation-of-the-effectiveness-of-child-care-report-to-86th-legislature-2019-twc.pdf
2025-10-10 18:23:15,885 - __main__ - INFO - Extracted 17 pages from evaluation-of-the-effectiveness-of-child-care-report-to-86th-legislature-2019-twc.pdf
2025-10-10 18:23:15,887 - __main__ - INFO - Created 61 chunks from evaluation-of-the-effectiveness-of-child-care-report-to-86th-legislature-2019-twc.pdf
2025-10-10 18:23:15,888 - __main__ - INFO - Generating embeddings for 61 chunks...
2025-10-10 18:23:19,080 - httpx - INFO - HTTP Request: GET https://d579ecd5-2fe2-4e6d-8509-77fd94e8cd67.us-east4-0.gcp.cloud.qdrant.io:6333/collections/tro-child-1 "HTTP/1.1 200 OK"
2025-10-10 18:23:19,629 - httpx - INFO - HTTP Request: PUT https://d579ecd5-2fe2-4e6d-8509-77fd94e8cd67.us-east4-0.gcp.cloud.qdrant.io:6333/collections/tro-child-1/points?wait=true "HTTP/1.1 200 OK"
2025-10-10 18:23:19,629 - __main__ - INFO - Uploaded batch 1 (61 points)
2025-10-10 18:23:19,630 - __main__ - INFO - Successfully uploaded 61 chunks to Qdrant
2025-10-10 18:23:19,630 - __main__ - INFO - 
============================================================
2025-10-10 18:23:19,630 - __main__ - INFO - Processing PDF 34/42: commission-meeting-material-10.19.21-item16-dp-3rd-tranche-arpa-stabilization-twc.pdf
2025-10-10 18:23:19,630 - __main__ - INFO - ============================================================
2025-10-10 18:23:19,630 - __main__ - INFO - Processing PDF: commission-meeting-material-10.19.21-item16-dp-3rd-tranche-arpa-stabilization-twc.pdf
2025-10-10 18:23:19,652 - __main__ - INFO - Extracted 11 pages from commission-meeting-material-10.19.21-item16-dp-3rd-tranche-arpa-stabilization-twc.pdf
2025-10-10 18:23:19,653 - __main__ - INFO - Created 34 chunks from commission-meeting-material-10.19.21-item16-dp-3rd-tranche-arpa-stabilization-twc.pdf
2025-10-10 18:23:19,653 - __main__ - INFO - Generating embeddings for 34 chunks...
2025-10-10 18:23:21,174 - httpx - INFO - HTTP Request: GET https://d579ecd5-2fe2-4e6d-8509-77fd94e8cd67.us-east4-0.gcp.cloud.qdrant.io:6333/collections/tro-child-1 "HTTP/1.1 200 OK"
2025-10-10 18:23:21,581 - httpx - INFO - HTTP Request: PUT https://d579ecd5-2fe2-4e6d-8509-77fd94e8cd67.us-east4-0.gcp.cloud.qdrant.io:6333/collections/tro-child-1/points?wait=true "HTTP/1.1 200 OK"
2025-10-10 18:23:21,582 - __main__ - INFO - Uploaded batch 1 (34 points)
2025-10-10 18:23:21,582 - __main__ - INFO - Successfully uploaded 34 chunks to Qdrant
2025-10-10 18:23:21,582 - __main__ - INFO - 
============================================================
2025-10-10 18:23:21,582 - __main__ - INFO - Processing PDF 35/42: bcy26-board-max-provider-payment-rates-twc.pdf
2025-10-10 18:23:21,582 - __main__ - INFO - ============================================================
2025-10-10 18:23:21,582 - __main__ - INFO - Processing PDF: bcy26-board-max-provider-payment-rates-twc.pdf
2025-10-10 18:23:21,748 - __main__ - INFO - Extracted 28 pages from bcy26-board-max-provider-payment-rates-twc.pdf
2025-10-10 18:23:21,754 - __main__ - INFO - Created 118 chunks from bcy26-board-max-provider-payment-rates-twc.pdf
2025-10-10 18:23:21,754 - __main__ - INFO - Generating embeddings for 118 chunks...
2025-10-10 18:23:27,370 - httpx - INFO - HTTP Request: GET https://d579ecd5-2fe2-4e6d-8509-77fd94e8cd67.us-east4-0.gcp.cloud.qdrant.io:6333/collections/tro-child-1 "HTTP/1.1 200 OK"
2025-10-10 18:23:27,995 - httpx - INFO - HTTP Request: PUT https://d579ecd5-2fe2-4e6d-8509-77fd94e8cd67.us-east4-0.gcp.cloud.qdrant.io:6333/collections/tro-child-1/points?wait=true "HTTP/1.1 200 OK"
2025-10-10 18:23:27,995 - __main__ - INFO - Uploaded batch 1 (100 points)
2025-10-10 18:23:28,130 - httpx - INFO - HTTP Request: PUT https://d579ecd5-2fe2-4e6d-8509-77fd94e8cd67.us-east4-0.gcp.cloud.qdrant.io:6333/collections/tro-child-1/points?wait=true "HTTP/1.1 200 OK"
2025-10-10 18:23:28,131 - __main__ - INFO - Uploaded batch 2 (18 points)
2025-10-10 18:23:28,131 - __main__ - INFO - Successfully uploaded 118 chunks to Qdrant
2025-10-10 18:23:28,132 - __main__ - INFO - Checkpoint saved to /home/tromanow/COHORT/TX/LOAD_DB/checkpoints/checkpoint_20251010_182328.json
2025-10-10 18:23:28,132 - __main__ - INFO - 
============================================================
2025-10-10 18:23:28,132 - __main__ - INFO - Processing PDF 36/42: tx3c-desk-aid-prospective-payment-accessible-twc.pdf
2025-10-10 18:23:28,132 - __main__ - INFO - ============================================================
2025-10-10 18:23:28,132 - __main__ - INFO - Processing PDF: tx3c-desk-aid-prospective-payment-accessible-twc.pdf
2025-10-10 18:23:28,138 - __main__ - INFO - Extracted 1 pages from tx3c-desk-aid-prospective-payment-accessible-twc.pdf
2025-10-10 18:23:28,138 - __main__ - INFO - Created 2 chunks from tx3c-desk-aid-prospective-payment-accessible-twc.pdf
2025-10-10 18:23:28,139 - __main__ - INFO - Generating embeddings for 2 chunks...
2025-10-10 18:23:28,287 - httpx - INFO - HTTP Request: GET https://d579ecd5-2fe2-4e6d-8509-77fd94e8cd67.us-east4-0.gcp.cloud.qdrant.io:6333/collections/tro-child-1 "HTTP/1.1 200 OK"
2025-10-10 18:23:28,364 - httpx - INFO - HTTP Request: PUT https://d579ecd5-2fe2-4e6d-8509-77fd94e8cd67.us-east4-0.gcp.cloud.qdrant.io:6333/collections/tro-child-1/points?wait=true "HTTP/1.1 200 OK"
2025-10-10 18:23:28,364 - __main__ - INFO - Uploaded batch 1 (2 points)
2025-10-10 18:23:28,364 - __main__ - INFO - Successfully uploaded 2 chunks to Qdrant
2025-10-10 18:23:28,364 - __main__ - INFO - 
============================================================
2025-10-10 18:23:28,364 - __main__ - INFO - Processing PDF 37/42: evaluation-of-the-effectiveness-of-child-care-report-to-89th-legislature-twc.pdf
2025-10-10 18:23:28,364 - __main__ - INFO - ============================================================
2025-10-10 18:23:28,364 - __main__ - INFO - Processing PDF: evaluation-of-the-effectiveness-of-child-care-report-to-89th-legislature-twc.pdf
2025-10-10 18:23:28,489 - __main__ - INFO - Extracted 34 pages from evaluation-of-the-effectiveness-of-child-care-report-to-89th-legislature-twc.pdf
2025-10-10 18:23:28,492 - __main__ - INFO - Created 129 chunks from evaluation-of-the-effectiveness-of-child-care-report-to-89th-legislature-twc.pdf
2025-10-10 18:23:28,492 - __main__ - INFO - Generating embeddings for 129 chunks...
2025-10-10 18:23:34,968 - httpx - INFO - HTTP Request: GET https://d579ecd5-2fe2-4e6d-8509-77fd94e8cd67.us-east4-0.gcp.cloud.qdrant.io:6333/collections/tro-child-1 "HTTP/1.1 200 OK"
2025-10-10 18:23:35,706 - httpx - INFO - HTTP Request: PUT https://d579ecd5-2fe2-4e6d-8509-77fd94e8cd67.us-east4-0.gcp.cloud.qdrant.io:6333/collections/tro-child-1/points?wait=true "HTTP/1.1 200 OK"
2025-10-10 18:23:35,706 - __main__ - INFO - Uploaded batch 1 (100 points)
2025-10-10 18:23:35,882 - httpx - INFO - HTTP Request: PUT https://d579ecd5-2fe2-4e6d-8509-77fd94e8cd67.us-east4-0.gcp.cloud.qdrant.io:6333/collections/tro-child-1/points?wait=true "HTTP/1.1 200 OK"
2025-10-10 18:23:35,882 - __main__ - INFO - Uploaded batch 2 (29 points)
2025-10-10 18:23:35,882 - __main__ - INFO - Successfully uploaded 129 chunks to Qdrant
2025-10-10 18:23:35,883 - __main__ - INFO - 
============================================================
2025-10-10 18:23:35,883 - __main__ - INFO - Processing PDF 38/42: evaluation-of-the-effectiveness-of-child-care-report-to-87th-legislature-2021-twc.pdf
2025-10-10 18:23:35,883 - __main__ - INFO - ============================================================
2025-10-10 18:23:35,883 - __main__ - INFO - Processing PDF: evaluation-of-the-effectiveness-of-child-care-report-to-87th-legislature-2021-twc.pdf
2025-10-10 18:23:35,958 - __main__ - INFO - Extracted 30 pages from evaluation-of-the-effectiveness-of-child-care-report-to-87th-legislature-2021-twc.pdf
2025-10-10 18:23:35,961 - __main__ - INFO - Created 109 chunks from evaluation-of-the-effectiveness-of-child-care-report-to-87th-legislature-2021-twc.pdf
2025-10-10 18:23:35,961 - __main__ - INFO - Generating embeddings for 109 chunks...
2025-10-10 18:23:41,115 - httpx - INFO - HTTP Request: GET https://d579ecd5-2fe2-4e6d-8509-77fd94e8cd67.us-east4-0.gcp.cloud.qdrant.io:6333/collections/tro-child-1 "HTTP/1.1 200 OK"
2025-10-10 18:23:41,783 - httpx - INFO - HTTP Request: PUT https://d579ecd5-2fe2-4e6d-8509-77fd94e8cd67.us-east4-0.gcp.cloud.qdrant.io:6333/collections/tro-child-1/points?wait=true "HTTP/1.1 200 OK"
2025-10-10 18:23:41,784 - __main__ - INFO - Uploaded batch 1 (100 points)
2025-10-10 18:23:41,895 - httpx - INFO - HTTP Request: PUT https://d579ecd5-2fe2-4e6d-8509-77fd94e8cd67.us-east4-0.gcp.cloud.qdrant.io:6333/collections/tro-child-1/points?wait=true "HTTP/1.1 200 OK"
2025-10-10 18:23:41,895 - __main__ - INFO - Uploaded batch 2 (9 points)
2025-10-10 18:23:41,896 - __main__ - INFO - Successfully uploaded 109 chunks to Qdrant
2025-10-10 18:23:41,896 - __main__ - INFO - 
============================================================
2025-10-10 18:23:41,896 - __main__ - INFO - Processing PDF 39/42: stakeholder-input-trs-twc.pdf
2025-10-10 18:23:41,896 - __main__ - INFO - ============================================================
2025-10-10 18:23:41,896 - __main__ - INFO - Processing PDF: stakeholder-input-trs-twc.pdf
2025-10-10 18:23:41,901 - __main__ - INFO - Extracted 1 pages from stakeholder-input-trs-twc.pdf
2025-10-10 18:23:41,902 - __main__ - INFO - Created 5 chunks from stakeholder-input-trs-twc.pdf
2025-10-10 18:23:41,902 - __main__ - INFO - Generating embeddings for 5 chunks...
2025-10-10 18:23:42,115 - httpx - INFO - HTTP Request: GET https://d579ecd5-2fe2-4e6d-8509-77fd94e8cd67.us-east4-0.gcp.cloud.qdrant.io:6333/collections/tro-child-1 "HTTP/1.1 200 OK"
2025-10-10 18:23:42,203 - httpx - INFO - HTTP Request: PUT https://d579ecd5-2fe2-4e6d-8509-77fd94e8cd67.us-east4-0.gcp.cloud.qdrant.io:6333/collections/tro-child-1/points?wait=true "HTTP/1.1 200 OK"
2025-10-10 18:23:42,203 - __main__ - INFO - Uploaded batch 1 (5 points)
2025-10-10 18:23:42,203 - __main__ - INFO - Successfully uploaded 5 chunks to Qdrant
2025-10-10 18:23:42,203 - __main__ - INFO - 
============================================================
2025-10-10 18:23:42,203 - __main__ - INFO - Processing PDF 40/42: acf-218-qpr-ffy-2022-for-texas.pdf
2025-10-10 18:23:42,203 - __main__ - INFO - ============================================================
2025-10-10 18:23:42,204 - __main__ - INFO - Processing PDF: acf-218-qpr-ffy-2022-for-texas.pdf
2025-10-10 18:23:42,338 - __main__ - INFO - Extracted 67 pages from acf-218-qpr-ffy-2022-for-texas.pdf
2025-10-10 18:23:42,341 - __main__ - INFO - Created 155 chunks from acf-218-qpr-ffy-2022-for-texas.pdf
2025-10-10 18:23:42,341 - __main__ - INFO - Generating embeddings for 155 chunks...
2025-10-10 18:23:48,651 - httpx - INFO - HTTP Request: GET https://d579ecd5-2fe2-4e6d-8509-77fd94e8cd67.us-east4-0.gcp.cloud.qdrant.io:6333/collections/tro-child-1 "HTTP/1.1 200 OK"
2025-10-10 18:23:49,326 - httpx - INFO - HTTP Request: PUT https://d579ecd5-2fe2-4e6d-8509-77fd94e8cd67.us-east4-0.gcp.cloud.qdrant.io:6333/collections/tro-child-1/points?wait=true "HTTP/1.1 200 OK"
2025-10-10 18:23:49,327 - __main__ - INFO - Uploaded batch 1 (100 points)
2025-10-10 18:23:49,586 - httpx - INFO - HTTP Request: PUT https://d579ecd5-2fe2-4e6d-8509-77fd94e8cd67.us-east4-0.gcp.cloud.qdrant.io:6333/collections/tro-child-1/points?wait=true "HTTP/1.1 200 OK"
2025-10-10 18:23:49,586 - __main__ - INFO - Uploaded batch 2 (55 points)
2025-10-10 18:23:49,586 - __main__ - INFO - Successfully uploaded 155 chunks to Qdrant
2025-10-10 18:23:49,587 - __main__ - INFO - Checkpoint saved to /home/tromanow/COHORT/TX/LOAD_DB/checkpoints/checkpoint_20251010_182349.json
2025-10-10 18:23:49,587 - __main__ - INFO - 
============================================================
2025-10-10 18:23:49,587 - __main__ - INFO - Processing PDF 41/42: market-rate-survey-methodology-stakeholders-twc.pdf
2025-10-10 18:23:49,587 - __main__ - INFO - ============================================================
2025-10-10 18:23:49,587 - __main__ - INFO - Processing PDF: market-rate-survey-methodology-stakeholders-twc.pdf
2025-10-10 18:23:49,606 - __main__ - INFO - Extracted 8 pages from market-rate-survey-methodology-stakeholders-twc.pdf
2025-10-10 18:23:49,607 - __main__ - INFO - Created 35 chunks from market-rate-survey-methodology-stakeholders-twc.pdf
2025-10-10 18:23:49,607 - __main__ - INFO - Generating embeddings for 35 chunks...
2025-10-10 18:23:50,773 - httpx - INFO - HTTP Request: GET https://d579ecd5-2fe2-4e6d-8509-77fd94e8cd67.us-east4-0.gcp.cloud.qdrant.io:6333/collections/tro-child-1 "HTTP/1.1 200 OK"
2025-10-10 18:23:51,030 - httpx - INFO - HTTP Request: PUT https://d579ecd5-2fe2-4e6d-8509-77fd94e8cd67.us-east4-0.gcp.cloud.qdrant.io:6333/collections/tro-child-1/points?wait=true "HTTP/1.1 200 OK"
2025-10-10 18:23:51,030 - __main__ - INFO - Uploaded batch 1 (35 points)
2025-10-10 18:23:51,030 - __main__ - INFO - Successfully uploaded 35 chunks to Qdrant
2025-10-10 18:23:51,031 - __main__ - INFO - 
============================================================
2025-10-10 18:23:51,031 - __main__ - INFO - Processing PDF 42/42: texas-pcqc-user-guide-2023.pdf
2025-10-10 18:23:51,031 - __main__ - INFO - ============================================================
2025-10-10 18:23:51,031 - __main__ - INFO - Processing PDF: texas-pcqc-user-guide-2023.pdf
2025-10-10 18:23:51,135 - __main__ - INFO - Extracted 32 pages from texas-pcqc-user-guide-2023.pdf
2025-10-10 18:23:51,136 - __main__ - INFO - Created 60 chunks from texas-pcqc-user-guide-2023.pdf
2025-10-10 18:23:51,136 - __main__ - INFO - Generating embeddings for 60 chunks...
2025-10-10 18:23:54,091 - httpx - INFO - HTTP Request: GET https://d579ecd5-2fe2-4e6d-8509-77fd94e8cd67.us-east4-0.gcp.cloud.qdrant.io:6333/collections/tro-child-1 "HTTP/1.1 200 OK"
2025-10-10 18:23:54,636 - httpx - INFO - HTTP Request: PUT https://d579ecd5-2fe2-4e6d-8509-77fd94e8cd67.us-east4-0.gcp.cloud.qdrant.io:6333/collections/tro-child-1/points?wait=true "HTTP/1.1 200 OK"
2025-10-10 18:23:54,636 - __main__ - INFO - Uploaded batch 1 (60 points)
2025-10-10 18:23:54,636 - __main__ - INFO - Successfully uploaded 60 chunks to Qdrant
2025-10-10 18:23:54,637 - __main__ - INFO - Checkpoint saved to /home/tromanow/COHORT/TX/LOAD_DB/checkpoints/checkpoint_20251010_182354.json
2025-10-10 18:23:54,637 - __main__ - INFO - Report saved to /home/tromanow/COHORT/TX/LOAD_DB/reports/load_report_20251010_182354.txt
2025-10-10 18:23:54,637 - __main__ - INFO - 
PDF loading complete!
